

*******************************************************************************
Fri Mar 28 22:59:27 2014


FIT:    data read from 'salidafb.dat'
        format = z
        #datapoints = 30
        residuals are weighted equally (unit weight)

function used for fitting: f(x)
fitted parameters initialized with current variable values



 Iteration 0
 WSSR        : 1.37992e+12       delta(WSSR)/WSSR   : 0
 delta(WSSR) : 0                 limit for stopping : 1e-05
 lambda	  : 115919

initial set of free parameter values

a0              = 1
a1              = 1
a2              = 1

After 9 iterations the fit converged.
final sum of squares of residuals : 0.0491105
rel. change during last iteration : -2.44576e-12

degrees of freedom    (FIT_NDF)                        : 27
rms of residuals      (FIT_STDFIT) = sqrt(WSSR/ndf)    : 0.0426486
variance of residuals (reduced chisquare) = WSSR/ndf   : 0.00181891

Final set of parameters            Asymptotic Standard Error
=======================            ==========================

a0              = 5.7917e-05       +/- 2.509e-06    (4.332%)
a1              = -0.000752775     +/- 3.73e-05     (4.955%)
a2              = 0.263899         +/- 0.03513      (13.31%)


correlation matrix of the fit parameters:

               a0     a1     a2     
a0              1.000 
a1             -1.000  1.000 
a2              0.891 -0.902  1.000 
